[debug] [2025-03-05T10:39:21.761Z] ----------------------------------------------------------------------
[debug] [2025-03-05T10:39:21.792Z] Command:       /home/monica1211/.nvm/versions/node/v23.8.0/bin/node /home/monica1211/.nvm/versions/node/v23.8.0/bin/firebase login
[debug] [2025-03-05T10:39:21.793Z] CLI Version:   13.32.0
[debug] [2025-03-05T10:39:21.794Z] Platform:      linux
[debug] [2025-03-05T10:39:21.795Z] Node Version:  v23.8.0
[debug] [2025-03-05T10:39:21.800Z] Time:          Wed Mar 05 2025 12:39:21 GMT+0200 (Central Africa Time)
[debug] [2025-03-05T10:39:21.802Z] ----------------------------------------------------------------------
[debug] 
[debug] [2025-03-05T10:39:21.856Z] >>> [apiv2][query] GET https://firebase-public.firebaseio.com/cli.json [none]
[info] i  Firebase optionally collects CLI and Emulator Suite usage and error reporting information to help improve our products. Data is collected in accordance with Google's privacy policy (https://policies.google.com/privacy) and is not used to identify you.
 
[debug] [2025-03-05T10:39:23.237Z] <<< [apiv2][status] GET https://firebase-public.firebaseio.com/cli.json 200
[debug] [2025-03-05T10:39:23.240Z] <<< [apiv2][body] GET https://firebase-public.firebaseio.com/cli.json {"cloudBuildErrorAfter":1594252800000,"cloudBuildWarnAfter":1590019200000,"defaultNode10After":1594252800000,"minVersion":"3.0.5","node8DeploysDisabledAfter":1613390400000,"node8RuntimeDisabledAfter":1615809600000,"node8WarnAfter":1600128000000}
[info] i  To change your data collection preference at any time, run `firebase logout` and log in again. 
[info] 
[info] Visit this URL on this device to log in:
[info] https://accounts.google.com/o/oauth2/auth?client_id=563584335869-fgrhgmd47bqnekij5i8b5pr03ho849e6.apps.googleusercontent.com&scope=email%20openid%20https%3A%2F%2Fwww.googleapis.com%2Fauth%2Fcloudplatformprojects.readonly%20https%3A%2F%2Fwww.googleapis.com%2Fauth%2Ffirebase%20https%3A%2F%2Fwww.googleapis.com%2Fauth%2Fcloud-platform&response_type=code&state=426142129&redirect_uri=http%3A%2F%2Flocalhost%3A9005
[info] 
[info] Waiting for authentication...
[debug] [2025-03-05T10:48:02.009Z] >>> [apiv2][query] POST https://accounts.google.com/o/oauth2/token [none]
[debug] [2025-03-05T10:48:02.017Z] >>> [apiv2][body] POST https://accounts.google.com/o/oauth2/token [omitted]
[debug] [2025-03-05T10:48:02.381Z] *** [apiv2] error from fetch(https://accounts.google.com/o/oauth2/token, {"headers":{},"method":"POST","body":{"_overheadLength":543,"_valueLength":208,"_valuesToMeasure":[],"writable":false,"readable":true,"dataSize":0,"maxDataSize":2097152,"pauseStreams":true,"_released":true,"_streams":[],"_currentStream":null,"_insideLoop":false,"_pendingNext":false,"_boundary":"--------------------------269911083715232154142770","_events":{},"_eventsCount":1}}): FetchError: request to https://accounts.google.com/o/oauth2/token failed, reason: 
[debug] [2025-03-05T10:48:02.393Z] Token Fetch Error: FirebaseError: Failed to make request to https://accounts.google.com/o/oauth2/token
    at RetryOperation._fn (/home/monica1211/.nvm/versions/node/v23.8.0/lib/node_modules/firebase-tools/lib/apiv2.js:261:31)
    at process.processTicksAndRejections (node:internal/process/task_queues:105:5)
[error] Authentication Error: Your credentials are no longer valid. Please run firebase login --reauth

For CI servers and headless environments, generate a new token with firebase login:ci
[debug] [2025-03-05T10:48:02.528Z] >>> [apiv2][query] POST https://auth.firebase.tools/attest [none]
[debug] [2025-03-05T10:48:02.528Z] >>> [apiv2][body] POST https://auth.firebase.tools/attest {"session_id":"5f409090-de7e-4eb4-b85e-b8d48d8a40ae"}
[debug] [2025-03-05T10:48:04.511Z] <<< [apiv2][status] POST https://auth.firebase.tools/attest 200
[debug] [2025-03-05T10:48:04.512Z] <<< [apiv2][body] POST https://auth.firebase.tools/attest {"token":"0dLYY7BM2VUezURPq9idj4NRFYQT5HHsZj4fXQv1vK4"}
[info] 
[info] To sign in to the Firebase CLI:
[info] 
[info] 1. Take note of your session ID:
[info] 
[info]    5F409
[info] 
[info] 2. Visit the URL below on any device and follow the instructions to get your code:
[info] 
[info]    https://auth.firebase.tools/login?code_challenge=QHtl4raXlbCtRI1PbpigSCVcbK9au1Z32TXsOh00jyc&session=5f409090-de7e-4eb4-b85e-b8d48d8a40ae&attest=0dLYY7BM2VUezURPq9idj4NRFYQT5HHsZj4fXQv1vK4
[info] 
[info] 3. Paste or enter the authorization code below once you have it:
[info] 
